Vivado Simulator 2017.2
Copyright 1986-1999, 2001-2016 Xilinx, Inc. All Rights Reserved.
Running: E:/Xilinx/Vivado/2017.2/bin/unwrapped/win64.o/xelab.exe -wto 058f647f84944422b817d78917b2a240 --debug typical --relax --mt 2 -L xil_defaultlib -L unisims_ver -L unimacro_ver -L secureip --snapshot top_behav xil_defaultlib.top xil_defaultlib.glbl -log elaborate.log 
Using 2 slave threads.
Starting static elaboration
WARNING: [VRFC 10-278] actual bit length 5 differs from formal bit length 32 for port d0 [E:/Xilinx/Link_list/TCS_success/TCS_Success.srcs/sources_1/new/MIPS.v:519]
Completed static elaboration
Starting simulation data flow analysis
Completed simulation data flow analysis
Time Resolution for simulation is 1ps
Compiling module xil_defaultlib.controller
Compiling module xil_defaultlib.mux2
Compiling module xil_defaultlib.flopen
Compiling module xil_defaultlib.flopenr(WIDTH=32)
Compiling module xil_defaultlib.flop(WIDTH=32)
Compiling module xil_defaultlib.mux2(WIDTH=32)
Compiling module xil_defaultlib.mux4(WIDTH=32)
Compiling module xil_defaultlib.regfile(WIDTH=32)
Compiling module xil_defaultlib.alu(WIDTH=32)
Compiling module xil_defaultlib.zerodetect(WIDTH=32)
Compiling module xil_defaultlib.datapath(WIDTH=32)
Compiling module xil_defaultlib.mips(WIDTH=32)
Compiling module xil_defaultlib.display
Compiling module xil_defaultlib.exmemory(WIDTH=32)
Compiling module xil_defaultlib.top
Compiling module xil_defaultlib.glbl
Built simulation snapshot top_behav
