#-----------------------------------------------------------
# Vivado v2017.2 (64-bit)
# SW Build 1909853 on Thu Jun 15 18:39:09 MDT 2017
# IP Build 1909766 on Thu Jun 15 19:58:00 MDT 2017
# Start of session at: Fri Jul 12 19:37:00 2019
# Process ID: 3188
# Current directory: C:/Users/dell/Desktop/TCS_success2/TCS_success
# Command line: vivado.exe -gui_launcher_event rodinguilauncherevent1936 C:\Users\dell\desktop\TCS_success2\TCS_success\TCS_Success.xpr
# Log file: C:/Users/dell/Desktop/TCS_success2/TCS_success/vivado.log
# Journal file: C:/Users/dell/Desktop/TCS_success2/TCS_success\vivado.jou
#-----------------------------------------------------------
start_gui
open_project C:/Users/dell/desktop/TCS_success2/TCS_success/TCS_Success.xpr
INFO: [Project 1-313] Project file moved from 'F:/vivado_test/TCS_success' since last save.
Scanning sources...
Finished scanning sources
INFO: [IP_Flow 19-234] Refreshing IP repositories
INFO: [IP_Flow 19-1704] No user IP repositories specified
INFO: [Common 17-41] Interrupt caught. Command should exit soon.
INFO: [IP_Flow 19-2313] Loaded Vivado IP repository 'C:/Xilinx/Vivado/2017.2/data/ip'.
INFO: [IP_Flow 19-2338] Canceling the changes to the IP catalog. Reverting the catalreset_run impl_1
launch_runs impl_1 -jobs 4
[Fri Jul 12 19:38:45 2019] Launched impl_1...
Run output will be captured here: C:/Users/dell/desktop/TCS_success2/TCS_success/TCS_Success.runs/impl_1/runme.log
reset_run impl_1
launch_runs impl_1 -jobs 4
[Fri Jul 12 19:42:08 2019] Launched impl_1...
Run output will be captured here: C:/Users/dell/desktop/TCS_success2/TCS_success/TCS_Success.runs/impl_1/runme.log
reset_run synth_1
launch_runs impl_1 -to_step write_bitstream -jobs 4
[Fri Jul 12 19:44:03 2019] Launched synth_1...
Run output will be captured here: C:/Users/dell/desktop/TCS_success2/TCS_success/TCS_Success.runs/synth_1/runme.log
[Fri Jul 12 19:44:03 2019] Launched impl_1...
Run output will be captured here: C:/Users/dell/desktop/TCS_success2/TCS_success/TCS_Success.runs/impl_1/runme.log
open_hw
connect_hw_server -url localhost:3121
INFO: [Labtools 27-2285] Connecting to hw_server url TCP:localhost:3121
current_hw_target [get_hw_targets */xilinx_tcf/Digilent/210183636879A]
ERROR: [Labtoolstcl 44-199] No matching targets found on connected servers: localhost
Resolution: If needed connect the desired target to a server and use command refresh_hw_server. Then rerun the get_hw_targets command.
ERROR: [Common 17-39] 'get_hw_targets' failed due to earlier errors.
open_hw_target {localhost:3121/xilinx_tcf/Digilent/210183636859A}
INFO: [Labtoolstcl 44-466] Opening hw_target localhost:3121/xilinx_tcf/Digilent/210183636859A
set_property PROGRAM.FILE {C:/Users/dell/desktop/TCS_success2/TCS_success/TCS_Success.runs/impl_1/top.bit} [get_hw_devices xc7a35t_0]
current_hw_device [get_hw_devices xc7a35t_0]
refresh_hw_device -update_hw_probes false [lindex [get_hw_devices xc7a35t_0] 0]
INFO: [Labtools 27-1434] Device xc7a35t (JTAG device index = 0) is programmed with a design that has no supported debug core(s) in it.
WARNING: [Labtools 27-3361] The debug hub core was not detected.
Resolution: 
1. Make sure the clock connected to the debug hub (dbg_hub) core is a free running clock and is active.
2. Make sure the BSCAN_SWITCH_USER_MASK device property in Vivado Hardware Manager reflects the user scan chain setting in the design and refresh the device.  To determine the user scan chain setting in the design, open the implemented design and use 'get_property C_USER_SCAN_CHAIN [get_debug_cores dbg_hub]'.
For more details on setting the scan chain property, consult the Vivado Debug and Programming User Guide (UG908).
create_hw_cfgmem -hw_device [lindex [get_hw_devices] 0] -mem_dev [lindex [get_cfgmem_parts {s25fl032p-spi-x1_x2_x4}] 0]
reset_run impl_1 -prev_step 
launch_runs impl_1 -to_step write_bitstream -jobs 4
[Fri Jul 12 19:47:40 2019] Launched impl_1...
Run output will be captured here: C:/Users/dell/desktop/TCS_success2/TCS_success/TCS_Success.runs/impl_1/runme.log
close_hw
reset_run synth_1
launch_runs impl_1 -jobs 4
[Fri Jul 12 19:49:37 2019] Launched synth_1...
Run output will be captured here: C:/Users/dell/desktop/TCS_success2/TCS_success/TCS_Success.runs/synth_1/runme.log
[Fri Jul 12 19:49:37 2019] Launched impl_1...
Run output will be captured here: C:/Users/dell/desktop/TCS_success2/TCS_success/TCS_Success.runs/impl_1/runme.log
launch_runs impl_1 -to_step write_bitstream -jobs 4
[Fri Jul 12 19:52:09 2019] Launched impl_1...
Run output will be captured here: C:/Users/dell/desktop/TCS_success2/TCS_success/TCS_Success.runs/impl_1/runme.log
launch_runs impl_1 -to_step write_bitstream -jobs 4
ERROR: [Common 17-69] Command failed:  Run'impl_1' is already running and cannot be relaunched.
open_hw
INFO: [Labtools 27-2285] Connecting to hw_server url TCP:localhost:3121
connect_hw_server -url localhost:3121
INFO: [Labtools 27-2285] Connecting to hw_server url TCP:localhost:3121
current_hw_target [get_hw_targets */xilinx_tcf/Digilent/210183636859A]
set_property PARAM.FREQUENCY 15000000 [get_hw_targets */xilinx_tcf/Digilent/210183636859A]
open_hw_target
INFO: [Labtoolstcl 44-466] Opening hw_target localhost:3121/xilinx_tcf/Digilent/210183636859A
set_property PROGRAM.FILE {C:/Users/dell/desktop/TCS_success2/TCS_success/TCS_Success.runs/impl_1/top.bit} [get_hw_devices xc7a35t_0]
current_hw_device [get_hw_devices xc7a35t_0]
refresh_hw_device -update_hw_probes false [lindex [get_hw_devices xc7a35t_0] 0]
INFO: [Labtools 27-1434] Device xc7a35t (JTAG device index = 0) is programmed with a design that has no supported debug core(s) in it.
WARNING: [Labtools 27-3361] The debug hub core was not detected.
Resolution: 
1. Make sure the clock connected to the debug hub (dbg_hub) core is a free running clock and is active.
2. Make sure the BSCAN_SWITCH_USER_MASK device property in Vivado Hardware Manager reflects the user scan chain setting in the design and refresh the device.  To determine the user scan chain setting in the design, open the implemented design and use 'get_property C_USER_SCAN_CHAIN [get_debug_cores dbg_hub]'.
For more details on setting the scan chain property, consult the Vivado Debug and Programming User Guide (UG908).
create_hw_cfgmem -hw_device [lindex [get_hw_devices] 0] -mem_dev [lindex [get_cfgmem_parts {s25fl032p-spi-x1_x2_x4}] 0]
reset_run synth_1
launch_runs impl_1 -to_step write_bitstream -jobs 4
[Fri Jul 12 19:58:11 2019] Launched synth_1...
Run output will be captured here: C:/Users/dell/desktop/TCS_success2/TCS_success/TCS_Success.runs/synth_1/runme.log
[Fri Jul 12 19:58:11 2019] Launched impl_1...
Run output will be captured here: C:/Users/dell/desktop/TCS_success2/TCS_success/TCS_Success.runs/impl_1/runme.log
set_property PROBES.FILE {} [get_hw_devices xc7a35t_0]
set_property FULL_PROBES.FILE {} [get_hw_devices xc7a35t_0]
set_property PROGRAM.FILE {C:/Users/dell/Desktop/TCS_success2/TCS_success/TCS_Success.runs/impl_1/top.bit} [get_hw_devices xc7a35t_0]
program_hw_devices [get_hw_devices xc7a35t_0]
INFO: [Labtools 27-3164] End of startup status: HIGH
refresh_hw_device [lindex [get_hw_devices xc7a35t_0] 0]
INFO: [Labtools 27-1434] Device xc7a35t (JTAG device index = 0) is programmed with a design that has no supported debug core(s) in it.
WARNING: [Labtools 27-3361] The debug hub core was not detected.
Resolution: 
1. Make sure the clock connected to the debug hub (dbg_hub) core is a free running clock and is active.
2. Make sure the BSCAN_SWITCH_USER_MASK device property in Vivado Hardware Manager reflects the user scan chain setting in the design and refresh the device.  To determine the user scan chain setting in the design, open the implemented design and use 'get_property C_USER_SCAN_CHAIN [get_debug_cores dbg_hub]'.
For more details on setting the scan chain property, consult the Vivado Debug and Programming User Guide (UG908).
open_run impl_1
INFO: [Common 17-41] Interrupt caught. Command should exit soon.
INFO: [Netlist 29-17] Analyzing 302 Unisim elements for replacement
INFO: [Netlist 29-28] Unisim Transformation completed in 0 CPU seconds
INFO: [Project 1-479] Netlist was created with Vivado 2017.2
INFO: [Project 1-111] Unisim Transformation Summary:
  A total of 256 instances were transformed.
  RAM256X1S => RAM256X1S (RAMS64E, RAMS64E, RAMS64E, RAMS64E, MUXF7, MUXF7, MUXF8): 256 instances

INFO: [Common 17-344] 'open_run' was cancelled
set_property PROBES.FILE {} [get_hw_devices xc7a35t_0]
set_property FULL_PROBES.FILE {} [get_hw_devices xc7a35t_0]
set_property PROGRAM.FILE {C:/Users/dell/Desktop/TCS_success2/TCS_success/TCS_Success.runs/impl_1/top.bit} [get_hw_devices xc7a35t_0]
program_hw_devices [get_hw_devices xc7a35t_0]
INFO: [Labtools 27-3164] End of startup status: HIGH
refresh_hw_device [lindex [get_hw_devices xc7a35t_0] 0]
INFO: [Labtools 27-1434] Device xc7a35t (JTAG device index = 0) is programmed with a design that has no supported debug core(s) in it.
WARNING: [Labtools 27-3361] The debug hub core was not detected.
Resolution: 
1. Make sure the clock connected to the debug hub (dbg_hub) core is a free running clock and is active.
2. Make sure the BSCAN_SWITCH_USER_MASK device property in Vivado Hardware Manager reflects the user scan chain setting in the design and refresh the device.  To determine the user scan chain setting in the design, open the implemented design and use 'get_property C_USER_SCAN_CHAIN [get_debug_cores dbg_hub]'.
For more details on setting the scan chain property, consult the Vivado Debug and Programming User Guide (UG908).
set_property PROBES.FILE {} [get_hw_devices xc7a35t_0]
set_property FULL_PROBES.FILE {} [get_hw_devices xc7a35t_0]
set_property PROGRAM.FILE {C:/Users/dell/Desktop/TCS_success2/TCS_success/TCS_Success.runs/impl_1/top.bit} [get_hw_devices xc7a35t_0]
program_hw_devices [get_hw_devices xc7a35t_0]
INFO: [Labtools 27-3164] End of startup status: HIGH
refresh_hw_device [lindex [get_hw_devices xc7a35t_0] 0]
INFO: [Labtools 27-1434] Device xc7a35t (JTAG device index = 0) is programmed with a design that has no supported debug core(s) in it.
WARNING: [Labtools 27-3361] The debug hub core was not detected.
Resolution: 
1. Make sure the clock connected to the debug hub (dbg_hub) core is a free running clock and is active.
2. Make sure the BSCAN_SWITCH_USER_MASK device property in Vivado Hardware Manager reflects the user scan chain setting in the design and refresh the device.  To determine the user scan chain setting in the design, open the implemented design and use 'get_property C_USER_SCAN_CHAIN [get_debug_cores dbg_hub]'.
For more details on setting the scan chain property, consult the Vivado Debug and Programming User Guide (UG908).
reset_run synth_1
launch_runs impl_1 -jobs 4
[Fri Jul 12 20:36:36 2019] Launched synth_1...
Run output will be captured here: C:/Users/dell/desktop/TCS_success2/TCS_success/TCS_Success.runs/synth_1/runme.log
[Fri Jul 12 20:36:36 2019] Launched impl_1...
Run output will be captured here: C:/Users/dell/desktop/TCS_success2/TCS_success/TCS_Success.runs/impl_1/runme.log
close_hw
reset_run impl_1 -prev_step 
